TN:
SF:wc-pagination.js
FN:2,(anonymous_0)
FN:6,(anonymous_1)
FN:13,(anonymous_2)
FN:84,(anonymous_3)
FN:113,(anonymous_4)
FN:168,(anonymous_5)
FN:174,(anonymous_6)
FN:178,(anonymous_7)
FN:187,(anonymous_8)
FN:206,(anonymous_9)
FN:212,(anonymous_10)
FN:214,(anonymous_11)
FN:230,(anonymous_12)
FN:235,(anonymous_13)
FN:269,(anonymous_14)
FN:275,(anonymous_15)
FN:288,(anonymous_16)
FN:291,(anonymous_17)
FN:294,(anonymous_18)
FN:297,(anonymous_19)
FN:300,(anonymous_20)
FNF:21
FNH:21
FNDA:2,(anonymous_0)
FNDA:28,(anonymous_1)
FNDA:110,(anonymous_2)
FNDA:110,(anonymous_3)
FNDA:318,(anonymous_4)
FNDA:110,(anonymous_5)
FNDA:177,(anonymous_6)
FNDA:110,(anonymous_7)
FNDA:110,(anonymous_8)
FNDA:110,(anonymous_9)
FNDA:25,(anonymous_10)
FNDA:11,(anonymous_11)
FNDA:4,(anonymous_12)
FNDA:3,(anonymous_13)
FNDA:23,(anonymous_14)
FNDA:85,(anonymous_15)
FNDA:1186,(anonymous_16)
FNDA:2437,(anonymous_17)
FNDA:13,(anonymous_18)
FNDA:1186,(anonymous_19)
FNDA:1186,(anonymous_20)
DA:3,2
DA:7,28
DA:8,28
DA:14,110
DA:85,110
DA:113,318
DA:169,110
DA:170,110
DA:171,645
DA:173,110
DA:174,177
DA:175,110
DA:179,110
DA:181,13
DA:183,13
DA:184,13
DA:188,110
DA:189,110
DA:191,110
DA:192,67
DA:193,43
DA:194,7
DA:196,36
DA:198,110
DA:199,110
DA:200,110
DA:201,318
DA:203,110
DA:207,110
DA:208,110
DA:209,110
DA:213,25
DA:214,25
DA:215,11
DA:216,11
DA:219,11
DA:221,10
DA:222,10
DA:223,10
DA:226,25
DA:229,25
DA:230,25
DA:231,4
DA:232,4
DA:233,4
DA:235,4
DA:236,3
DA:237,3
DA:238,3
DA:241,4
DA:243,0
DA:244,0
DA:245,0
DA:247,1
DA:248,1
DA:249,1
DA:251,1
DA:252,1
DA:253,1
DA:255,1
DA:256,1
DA:257,1
DA:260,1
DA:263,25
DA:266,25
DA:270,23
DA:271,23
DA:272,23
DA:276,85
DA:277,85
DA:278,85
DA:279,37
DA:289,1186
DA:292,2437
DA:295,13
DA:298,1186
DA:301,1186
DA:304,2
LF:78
LH:75
BRDA:90,0,0,67
BRDA:90,0,1,43
BRDA:91,1,0,67
BRDA:91,1,1,43
BRDA:92,2,0,67
BRDA:92,2,1,43
BRDA:97,3,0,30
BRDA:97,3,1,80
BRDA:97,4,0,110
BRDA:97,4,1,87
BRDA:117,5,0,108
BRDA:117,5,1,210
BRDA:122,6,0,108
BRDA:122,6,1,210
BRDA:127,7,0,108
BRDA:127,7,1,210
BRDA:139,8,0,77
BRDA:139,8,1,33
BRDA:139,9,0,110
BRDA:139,9,1,87
BRDA:155,10,0,7
BRDA:155,10,1,103
BRDA:156,11,0,7
BRDA:156,11,1,103
BRDA:157,12,0,7
BRDA:157,12,1,103
BRDA:175,13,0,110
BRDA:175,13,1,2
BRDA:179,14,0,97
BRDA:179,14,1,13
BRDA:181,15,0,13
BRDA:181,15,1,0
BRDA:191,16,0,67
BRDA:191,16,1,43
BRDA:193,17,0,7
BRDA:193,17,1,36
BRDA:213,18,0,25
BRDA:213,18,1,0
BRDA:216,19,0,0
BRDA:216,19,1,11
BRDA:219,20,0,1
BRDA:219,20,1,10
BRDA:221,21,0,10
BRDA:221,21,1,0
BRDA:229,22,0,25
BRDA:229,22,1,0
BRDA:232,23,0,0
BRDA:232,23,1,4
BRDA:232,24,0,4
BRDA:232,24,1,4
BRDA:233,25,0,0
BRDA:233,25,1,4
BRDA:233,26,0,4
BRDA:233,26,1,4
BRDA:233,26,2,4
BRDA:236,27,0,0
BRDA:236,27,1,3
BRDA:236,28,0,3
BRDA:236,28,1,3
BRDA:241,29,0,0
BRDA:241,29,1,1
BRDA:241,29,2,1
BRDA:241,29,3,1
BRDA:241,29,4,1
BRDA:270,30,0,23
BRDA:270,30,1,0
BRDA:271,31,0,23
BRDA:271,31,1,0
BRDA:276,32,0,85
BRDA:276,32,1,0
BRDA:278,33,0,37
BRDA:278,33,1,48
BRDA:289,34,0,1186
BRDA:289,34,1,20
BRDA:292,35,0,2437
BRDA:292,35,1,1104
BRDA:298,36,0,1186
BRDA:298,36,1,289
BRF:78
BRH:66
end_of_record
