TN:
SF:wc-pagination.js
FN:2,(anonymous_0)
FN:6,(anonymous_1)
FN:13,(anonymous_2)
FN:84,(anonymous_3)
FN:113,(anonymous_4)
FN:168,(anonymous_5)
FN:170,(anonymous_6)
FN:172,(anonymous_7)
FN:176,(anonymous_8)
FN:185,(anonymous_9)
FN:204,(anonymous_10)
FN:210,(anonymous_11)
FN:212,(anonymous_12)
FN:228,(anonymous_13)
FN:233,(anonymous_14)
FN:267,(anonymous_15)
FN:273,(anonymous_16)
FN:286,(anonymous_17)
FN:289,(anonymous_18)
FN:292,(anonymous_19)
FN:295,(anonymous_20)
FN:298,(anonymous_21)
FNF:22
FNH:22
FNDA:2,(anonymous_0)
FNDA:28,(anonymous_1)
FNDA:110,(anonymous_2)
FNDA:110,(anonymous_3)
FNDA:318,(anonymous_4)
FNDA:110,(anonymous_5)
FNDA:645,(anonymous_6)
FNDA:177,(anonymous_7)
FNDA:110,(anonymous_8)
FNDA:110,(anonymous_9)
FNDA:110,(anonymous_10)
FNDA:25,(anonymous_11)
FNDA:11,(anonymous_12)
FNDA:4,(anonymous_13)
FNDA:3,(anonymous_14)
FNDA:23,(anonymous_15)
FNDA:85,(anonymous_16)
FNDA:1186,(anonymous_17)
FNDA:2437,(anonymous_18)
FNDA:13,(anonymous_19)
FNDA:1186,(anonymous_20)
FNDA:1186,(anonymous_21)
DA:3,2
DA:7,28
DA:8,28
DA:14,110
DA:85,110
DA:113,318
DA:169,110
DA:170,645
DA:171,110
DA:172,177
DA:173,110
DA:177,110
DA:179,13
DA:181,13
DA:182,13
DA:186,110
DA:187,110
DA:189,110
DA:190,67
DA:191,43
DA:192,7
DA:194,36
DA:196,110
DA:197,110
DA:198,110
DA:199,318
DA:201,110
DA:205,110
DA:206,110
DA:207,110
DA:211,25
DA:212,25
DA:213,11
DA:214,11
DA:217,11
DA:219,10
DA:220,10
DA:221,10
DA:224,25
DA:227,25
DA:228,25
DA:229,4
DA:230,4
DA:231,4
DA:233,4
DA:234,3
DA:235,3
DA:236,3
DA:239,4
DA:241,0
DA:242,0
DA:243,0
DA:245,1
DA:246,1
DA:247,1
DA:249,1
DA:250,1
DA:251,1
DA:253,1
DA:254,1
DA:255,1
DA:258,1
DA:261,25
DA:264,25
DA:268,23
DA:269,23
DA:270,23
DA:274,85
DA:275,85
DA:276,85
DA:277,37
DA:287,1186
DA:290,2437
DA:293,13
DA:296,1186
DA:299,1186
DA:302,2
LF:77
LH:74
BRDA:90,0,0,67
BRDA:90,0,1,43
BRDA:91,1,0,67
BRDA:91,1,1,43
BRDA:92,2,0,67
BRDA:92,2,1,43
BRDA:97,3,0,30
BRDA:97,3,1,80
BRDA:97,4,0,110
BRDA:97,4,1,87
BRDA:117,5,0,108
BRDA:117,5,1,210
BRDA:122,6,0,108
BRDA:122,6,1,210
BRDA:127,7,0,108
BRDA:127,7,1,210
BRDA:139,8,0,77
BRDA:139,8,1,33
BRDA:139,9,0,110
BRDA:139,9,1,87
BRDA:155,10,0,7
BRDA:155,10,1,103
BRDA:156,11,0,7
BRDA:156,11,1,103
BRDA:157,12,0,7
BRDA:157,12,1,103
BRDA:173,13,0,110
BRDA:173,13,1,2
BRDA:177,14,0,97
BRDA:177,14,1,13
BRDA:179,15,0,13
BRDA:179,15,1,0
BRDA:189,16,0,67
BRDA:189,16,1,43
BRDA:191,17,0,7
BRDA:191,17,1,36
BRDA:211,18,0,25
BRDA:211,18,1,0
BRDA:214,19,0,0
BRDA:214,19,1,11
BRDA:217,20,0,1
BRDA:217,20,1,10
BRDA:219,21,0,10
BRDA:219,21,1,0
BRDA:227,22,0,25
BRDA:227,22,1,0
BRDA:230,23,0,0
BRDA:230,23,1,4
BRDA:230,24,0,4
BRDA:230,24,1,4
BRDA:231,25,0,0
BRDA:231,25,1,4
BRDA:231,26,0,4
BRDA:231,26,1,4
BRDA:231,26,2,4
BRDA:234,27,0,0
BRDA:234,27,1,3
BRDA:234,28,0,3
BRDA:234,28,1,3
BRDA:239,29,0,0
BRDA:239,29,1,1
BRDA:239,29,2,1
BRDA:239,29,3,1
BRDA:239,29,4,1
BRDA:268,30,0,23
BRDA:268,30,1,0
BRDA:269,31,0,23
BRDA:269,31,1,0
BRDA:274,32,0,85
BRDA:274,32,1,0
BRDA:276,33,0,37
BRDA:276,33,1,48
BRDA:287,34,0,1186
BRDA:287,34,1,20
BRDA:290,35,0,2437
BRDA:290,35,1,1104
BRDA:296,36,0,1186
BRDA:296,36,1,289
BRF:78
BRH:66
end_of_record
